<?xml version="1.0" encoding="UTF-8"?>
<testsuite name="org.eventstore.EventStoreTest" tests="1" skipped="0" failures="0" errors="0" timestamp="2018-08-24T22:53:35" hostname="Thiagos-MacBook-Pro.local" time="0.003">
  <properties/>
  <testcase name="shouldCreateAnEventStreamWhenThereIsNoEventStream" classname="org.eventstore.EventStoreTest" time="0.003"/>
  <system-out><![CDATA[]]></system-out>
  <system-err><![CDATA[]]></system-err>
</testsuite>
