<?xml version="1.0" encoding="UTF-8"?>
<testsuite name="org.eventstore.EventStreamTest" tests="2" skipped="0" failures="0" errors="0" timestamp="2018-08-24T22:53:35" hostname="Thiagos-MacBook-Pro.local" time="0.011">
  <properties/>
  <testcase name="shouldAddAnEventToTheEventStream" classname="org.eventstore.EventStreamTest" time="0.01"/>
  <testcase name="shouldGetEventsFromTheEventStream" classname="org.eventstore.EventStreamTest" time="0.0"/>
  <system-out><![CDATA[]]></system-out>
  <system-err><![CDATA[]]></system-err>
</testsuite>
